<?xml version="1.0" encoding="UTF-8"?>
<testsuite name="com.example.freshcart.FreshCartApplicationTests" tests="1" skipped="0" failures="0" errors="0" timestamp="2022-09-16T07:14:23" hostname="DESKTOP-MG9F3FB" time="2.1">
  <properties/>
  <testcase name="contextLoads()" classname="com.example.freshcart.FreshCartApplicationTests" time="2.1"/>
  <system-out><![CDATA[16:14:03.099 [Test worker] DEBUG org.springframework.test.context.BootstrapUtils - Instantiating CacheAwareContextLoaderDelegate from class [org.springframework.test.context.cache.DefaultCacheAwareContextLoaderDelegate]
16:14:03.155 [Test worker] DEBUG org.springframework.test.context.BootstrapUtils - Instantiating BootstrapContext using constructor [public org.springframework.test.context.support.DefaultBootstrapContext(java.lang.Class,org.springframework.test.context.CacheAwareContextLoaderDelegate)]
16:14:03.349 [Test worker] DEBUG org.springframework.test.context.BootstrapUtils - Instantiating TestContextBootstrapper for test class [com.example.freshcart.FreshCartApplicationTests] from class [org.springframework.boot.test.context.SpringBootTestContextBootstrapper]
16:14:03.504 [Test worker] INFO org.springframework.boot.test.context.SpringBootTestContextBootstrapper - Neither @ContextConfiguration nor @ContextHierarchy found for test class [com.example.freshcart.FreshCartApplicationTests], using SpringBootContextLoader
16:14:03.518 [Test worker] DEBUG org.springframework.test.context.support.AbstractContextLoader - Did not detect default resource location for test class [com.example.freshcart.FreshCartApplicationTests]: class path resource [com/example/freshcart/FreshCartApplicationTests-context.xml] does not exist
16:14:03.520 [Test worker] DEBUG org.springframework.test.context.support.AbstractContextLoader - Did not detect default resource location for test class [com.example.freshcart.FreshCartApplicationTests]: class path resource [com/example/freshcart/FreshCartApplicationTestsContext.groovy] does not exist
16:14:03.557 [Test worker] INFO org.springframework.test.context.support.AbstractContextLoader - Could not detect default resource locations for test class [com.example.freshcart.FreshCartApplicationTests]: no resource found for suffixes {-context.xml, Context.groovy}.
16:14:03.558 [Test worker] INFO org.springframework.test.context.support.AnnotationConfigContextLoaderUtils - Could not detect default configuration classes for test class [com.example.freshcart.FreshCartApplicationTests]: FreshCartApplicationTests does not declare any static, non-private, non-final, nested classes annotated with @Configuration.
16:14:03.894 [Test worker] DEBUG org.springframework.test.context.support.ActiveProfilesUtils - Could not find an 'annotation declaring class' for annotation type [org.springframework.test.context.ActiveProfiles] and class [com.example.freshcart.FreshCartApplicationTests]
16:14:04.388 [Test worker] DEBUG org.springframework.context.annotation.ClassPathScanningCandidateComponentProvider - Identified candidate component class: file [C:\Users\USER\Desktop\develop\IndividualProject\FreshCart\build\classes\java\main\com\example\freshcart\FreshCartApplication.class]
16:14:04.392 [Test worker] INFO org.springframework.boot.test.context.SpringBootTestContextBootstrapper - Found @SpringBootConfiguration com.example.freshcart.FreshCartApplication for test class com.example.freshcart.FreshCartApplicationTests
16:14:05.299 [Test worker] DEBUG org.springframework.boot.test.context.SpringBootTestContextBootstrapper - @TestExecutionListeners is not present for class [com.example.freshcart.FreshCartApplicationTests]: using defaults.
16:14:05.301 [Test worker] INFO org.springframework.boot.test.context.SpringBootTestContextBootstrapper - Loaded default TestExecutionListener class names from location [META-INF/spring.factories]: [org.springframework.boot.test.autoconfigure.restdocs.RestDocsTestExecutionListener, org.springframework.boot.test.autoconfigure.web.client.MockRestServiceServerResetTestExecutionListener, org.springframework.boot.test.autoconfigure.web.servlet.MockMvcPrintOnlyOnFailureTestExecutionListener, org.springframework.boot.test.autoconfigure.web.servlet.WebDriverTestExecutionListener, org.springframework.boot.test.autoconfigure.webservices.client.MockWebServiceServerTestExecutionListener, org.springframework.boot.test.mock.mockito.MockitoTestExecutionListener, org.springframework.boot.test.mock.mockito.ResetMocksTestExecutionListener, org.springframework.test.context.web.ServletTestExecutionListener, org.springframework.test.context.support.DirtiesContextBeforeModesTestExecutionListener, org.springframework.test.context.event.ApplicationEventsTestExecutionListener, org.springframework.test.context.support.DependencyInjectionTestExecutionListener, org.springframework.test.context.support.DirtiesContextTestExecutionListener, org.springframework.test.context.transaction.TransactionalTestExecutionListener, org.springframework.test.context.jdbc.SqlScriptsTestExecutionListener, org.springframework.test.context.event.EventPublishingTestExecutionListener]
16:14:05.507 [Test worker] INFO org.springframework.boot.test.context.SpringBootTestContextBootstrapper - Using TestExecutionListeners: [org.springframework.test.context.web.ServletTestExecutionListener@4d9d1b69, org.springframework.test.context.support.DirtiesContextBeforeModesTestExecutionListener@52c8295b, org.springframework.test.context.event.ApplicationEventsTestExecutionListener@251f7d26, org.springframework.boot.test.mock.mockito.MockitoTestExecutionListener@77b21474, org.springframework.boot.test.autoconfigure.SpringBootDependencyInjectionTestExecutionListener@52d10fb8, org.springframework.test.context.support.DirtiesContextTestExecutionListener@41c07648, org.springframework.test.context.transaction.TransactionalTestExecutionListener@1fe8d51b, org.springframework.test.context.jdbc.SqlScriptsTestExecutionListener@781e7326, org.springframework.test.context.event.EventPublishingTestExecutionListener@22680f52, org.springframework.boot.test.autoconfigure.restdocs.RestDocsTestExecutionListener@60d84f61, org.springframework.boot.test.autoconfigure.web.client.MockRestServiceServerResetTestExecutionListener@39c11e6c, org.springframework.boot.test.autoconfigure.web.servlet.MockMvcPrintOnlyOnFailureTestExecutionListener@324dcd31, org.springframework.boot.test.autoconfigure.web.servlet.WebDriverTestExecutionListener@503d56b5, org.springframework.boot.test.autoconfigure.webservices.client.MockWebServiceServerTestExecutionListener@72bca894, org.springframework.boot.test.mock.mockito.ResetMocksTestExecutionListener@433ffad1]
16:14:05.525 [Test worker] DEBUG org.springframework.test.context.support.AbstractDirtiesContextTestExecutionListener - Before test class: context [DefaultTestContext@1b39fd82 testClass = FreshCartApplicationTests, testInstance = [null], testMethod = [null], testException = [null], mergedContextConfiguration = [WebMergedContextConfiguration@3e2fc448 testClass = FreshCartApplicationTests, locations = '{}', classes = '{class com.example.freshcart.FreshCartApplication}', contextInitializerClasses = '[]', activeProfiles = '{}', propertySourceLocations = '{}', propertySourceProperties = '{org.springframework.boot.test.context.SpringBootTestContextBootstrapper=true}', contextCustomizers = set[org.springframework.boot.test.autoconfigure.actuate.metrics.MetricsExportContextCustomizerFactory$DisableMetricExportContextCustomizer@1a7288a3, org.springframework.boot.test.autoconfigure.properties.PropertyMappingContextCustomizer@0, org.springframework.boot.test.autoconfigure.web.servlet.WebDriverContextCustomizerFactory$Customizer@a5bd950, org.springframework.boot.test.context.filter.ExcludeFilterContextCustomizer@2bd2b28e, org.springframework.boot.test.json.DuplicateJsonObjectContextCustomizerFactory$DuplicateJsonObjectContextCustomizer@674658f7, org.springframework.boot.test.mock.mockito.MockitoContextCustomizer@0, org.springframework.boot.test.web.client.TestRestTemplateContextCustomizer@2fc0cc3, org.springframework.boot.test.context.SpringBootTestArgs@1, org.springframework.boot.test.context.SpringBootTestWebEnvironment@2ca26d77], resourceBasePath = 'src/main/webapp', contextLoader = 'org.springframework.boot.test.context.SpringBootContextLoader', parent = [null]], attributes = map['org.springframework.test.context.web.ServletTestExecutionListener.activateListener' -> true]], class annotated with @DirtiesContext [false] with mode [null].

  .   ____          _            __ _ _
 /\\ / ___'_ __ _ _(_)_ __  __ _ \ \ \ \
( ( )\___ | '_ | '_| | '_ \/ _` | \ \ \ \
 \\/  ___)| |_)| | | | | || (_| |  ) ) ) )
  '  |____| .__|_| |_|_| |_\__, | / / / /
 =========|_|==============|___/=/_/_/_/
 :: Spring Boot ::                (v2.7.3)

2022-09-16 16:14:10.558  INFO 6832 --- [    Test worker] c.e.freshcart.FreshCartApplicationTests  : Starting FreshCartApplicationTests using Java 11.0.13 on DESKTOP-MG9F3FB with PID 6832 (started by USER in C:\Users\USER\Desktop\develop\IndividualProject\FreshCart)
2022-09-16 16:14:10.562  INFO 6832 --- [    Test worker] c.e.freshcart.FreshCartApplicationTests  : No active profile set, falling back to 1 default profile: "default"
2022-09-16 16:14:14.939  WARN 6832 --- [    Test worker] o.m.s.mapper.ClassPathMapperScanner      : No MyBatis mapper was found in '[com.example.freshcart]' package. Please check your configuration.
2022-09-16 16:14:23.861  INFO 6832 --- [    Test worker] c.e.freshcart.FreshCartApplicationTests  : Started FreshCartApplicationTests in 17.984 seconds (JVM running for 30.061)
]]></system-out>
  <system-err><![CDATA[]]></system-err>
</testsuite>
